


Processing ApplicationController#index (for 127.0.0.1 at 2010-08-05 15:26:52) [GET]

ActionController::RoutingError (No route matches "/about/" with {:method=>:get}):
  

Rendering rescues/layout (not_found)


Processing Rails::InfoController#properties (for 127.0.0.1 at 2010-08-05 15:27:09) [GET]
  [4;36;1mSQL (0.3ms)[0m   [0;1m SELECT name
 FROM sqlite_master
 WHERE type = 'table' AND NOT name = 'sqlite_sequence'
[0m
Completed in 23ms (View: 2, DB: 0) | 200 OK [http://localhost/rails/info/properties]


Processing PagesController#index (for 127.0.0.1 at 2010-08-06 19:25:33) [GET]

ActionController::UnknownAction (No action responded to index. Actions: about, contact, and home):
  

Rendering rescues/layout (not_found)


Processing PagesController#about (for 127.0.0.1 at 2010-08-06 19:26:05) [GET]
Rendering pages/about
Completed in 6ms (View: 5, DB: 0) | 200 OK [http://localhost/pages/about]


Processing PagesController#home (for 127.0.0.1 at 2010-08-06 19:26:10) [GET]
Rendering pages/home
Completed in 7ms (View: 6, DB: 0) | 200 OK [http://localhost/pages/home]


Processing PagesController#home (for 127.0.0.1 at 2010-08-06 20:05:54) [GET]
Rendering pages/home
Completed in 52ms (View: 50, DB: 0) | 200 OK [http://localhost/pages/home]


Processing PagesController#home (for 127.0.0.1 at 2010-08-06 20:05:57) [GET]
Rendering pages/home
Completed in 2ms (View: 1, DB: 0) | 200 OK [http://localhost/pages/home]


Processing ApplicationController#home (for 127.0.0.1 at 2010-08-06 20:10:53) [GET]

SyntaxError (/Users/MaggieJim/rails_projects/sample_app/app/controllers/pages_controller.rb:3: formal argument cannot be an instance variable
		home @title = "Home"
		           ^
/Users/MaggieJim/rails_projects/sample_app/app/controllers/pages_controller.rb:3: syntax error, unexpected '=', expecting '\n' or ';'
		home @title = "Home"
		             ^
/Users/MaggieJim/rails_projects/sample_app/app/controllers/pages_controller.rb:7: formal argument cannot be an instance variable
	contact @title = "Contact"
	              ^
/Users/MaggieJim/rails_projects/sample_app/app/controllers/pages_controller.rb:7: syntax error, unexpected '=', expecting '\n' or ';'
	contact @title = "Contact"
	                ^
/Users/MaggieJim/rails_projects/sample_app/app/controllers/pages_controller.rb:8: syntax error, unexpected kEND, expecting $end):
  

Rendered rescues/_trace (41.8ms)
Rendered rescues/_request_and_response (1.1ms)
Rendering rescues/layout (internal_server_error)


Processing ApplicationController#home (for 127.0.0.1 at 2010-08-06 20:11:36) [GET]

SyntaxError (/Users/MaggieJim/rails_projects/sample_app/app/controllers/pages_controller.rb:4: formal argument cannot be an instance variable
		home @title = "Home"
		           ^
/Users/MaggieJim/rails_projects/sample_app/app/controllers/pages_controller.rb:4: syntax error, unexpected '=', expecting '\n' or ';'
		home @title = "Home"
		             ^
/Users/MaggieJim/rails_projects/sample_app/app/controllers/pages_controller.rb:8: formal argument cannot be an instance variable
	contact @title = "Contact"
	              ^
/Users/MaggieJim/rails_projects/sample_app/app/controllers/pages_controller.rb:8: syntax error, unexpected '=', expecting '\n' or ';'
	contact @title = "Contact"
	                ^
/Users/MaggieJim/rails_projects/sample_app/app/controllers/pages_controller.rb:9: syntax error, unexpected kEND, expecting $end):
  

Rendered rescues/_trace (43.8ms)
Rendered rescues/_request_and_response (0.4ms)
Rendering rescues/layout (internal_server_error)


Processing PagesController#home (for 127.0.0.1 at 2010-08-06 20:12:21) [GET]
Rendering pages/home
Completed in 2ms (View: 1, DB: 0) | 200 OK [http://localhost/pages/home]


Processing PagesController#home (for 127.0.0.1 at 2010-08-06 20:26:02) [GET]
Rendering template within layouts/application
Rendering pages/home
Completed in 11ms (View: 9, DB: 0) | 200 OK [http://localhost/pages/home]


Processing PagesController#home (for 127.0.0.1 at 2010-08-06 20:26:12) [GET]
Rendering template within layouts/application
Rendering pages/home
Completed in 2ms (View: 1, DB: 0) | 200 OK [http://localhost/pages/home]


Processing PagesController#contacts (for 127.0.0.1 at 2010-08-06 20:27:27) [GET]

ActionController::UnknownAction (No action responded to contacts. Actions: about, contact, and home):
  

Rendering rescues/layout (not_found)


Processing PagesController#contact (for 127.0.0.1 at 2010-08-06 20:27:31) [GET]
Rendering template within layouts/application
Rendering pages/contact
Completed in 5ms (View: 4, DB: 0) | 200 OK [http://localhost/pages/contact]


Processing PagesController#contact (for 127.0.0.1 at 2010-08-06 20:30:12) [GET]
Rendering template within layouts/application
Rendering pages/contact
Completed in 2ms (View: 1, DB: 0) | 200 OK [http://localhost/pages/contact]


Processing ApplicationController#index (for 127.0.0.1 at 2010-08-12 16:25:11) [GET]

ActionController::RoutingError (No route matches "/" with {:method=>:get}):
  

Rendering rescues/layout (not_found)


Processing ApplicationController#index (for 127.0.0.1 at 2010-08-12 16:27:13) [GET]

ActionController::RoutingError (No route matches "/" with {:method=>:get}):
  

Rendering rescues/layout (not_found)


Processing ApplicationController#index (for 127.0.0.1 at 2010-08-12 16:29:26) [GET]

ActionController::RoutingError (No route matches "/" with {:method=>:get}):
  

Rendering rescues/layout (not_found)


Processing ApplicationController#index (for 127.0.0.1 at 2010-08-12 16:29:26) [GET]

ActionController::RoutingError (No route matches "/" with {:method=>:get}):
  

Rendering rescues/layout (not_found)


Processing ApplicationController#index (for 127.0.0.1 at 2010-08-12 16:29:33) [GET]

ActionController::RoutingError (No route matches "/" with {:method=>:get}):
  

Rendering rescues/layout (not_found)


Processing ApplicationController#index (for 127.0.0.1 at 2010-08-12 16:29:41) [GET]

ActionController::RoutingError (No route matches "/about" with {:method=>:get}):
  

Rendering rescues/layout (not_found)


Processing PagesController#home (for 127.0.0.1 at 2010-08-12 16:33:09) [GET]
Rendering template within layouts/application
Rendering pages/home
Rendered layouts/_stylesheets (1.1ms)
Rendered layouts/_header (1.2ms)
Rendered layouts/_footer (0.7ms)
Completed in 39ms (View: 37, DB: 0) | 200 OK [http://localhost/]


Processing PagesController#help (for 127.0.0.1 at 2010-08-12 16:33:12) [GET]
Rendering template within layouts/application
Rendering pages/help
Rendered layouts/_stylesheets (0.5ms)
Rendered layouts/_header (0.5ms)
Rendered layouts/_footer (0.2ms)
Completed in 8ms (View: 7, DB: 0) | 200 OK [http://localhost/help]


Processing PagesController#contact (for 127.0.0.1 at 2010-08-12 16:33:14) [GET]
Rendering template within layouts/application
Rendering pages/contact
Rendered layouts/_stylesheets (0.5ms)
Rendered layouts/_header (0.4ms)
Rendered layouts/_footer (0.2ms)
Completed in 7ms (View: 6, DB: 0) | 200 OK [http://localhost/contact]


Processing PagesController#about (for 127.0.0.1 at 2010-08-12 16:33:17) [GET]
Rendering template within layouts/application
Rendering pages/about
Rendered layouts/_stylesheets (0.5ms)
Rendered layouts/_header (0.4ms)
Rendered layouts/_footer (0.2ms)
Completed in 9ms (View: 7, DB: 0) | 200 OK [http://localhost/about]


Processing PagesController#help (for 127.0.0.1 at 2010-08-12 16:33:20) [GET]
Rendering template within layouts/application
Rendering pages/help
Rendered layouts/_stylesheets (0.5ms)
Rendered layouts/_header (0.4ms)
Rendered layouts/_footer (0.2ms)
Completed in 4ms (View: 3, DB: 0) | 200 OK [http://localhost/help]


Processing PagesController#home (for 127.0.0.1 at 2010-08-12 16:33:20) [GET]
Rendering template within layouts/application
Rendering pages/home
Rendered layouts/_stylesheets (0.5ms)
Rendered layouts/_header (0.4ms)
Rendered layouts/_footer (0.2ms)
Completed in 4ms (View: 3, DB: 0) | 200 OK [http://localhost/]


Processing PagesController#home (for 127.0.0.1 at 2010-08-12 16:33:37) [GET]
Rendering template within layouts/application
Rendering pages/home
Rendered layouts/_stylesheets (0.5ms)
Rendered layouts/_header (0.4ms)
Rendered layouts/_footer (0.2ms)
Completed in 5ms (View: 4, DB: 0) | 200 OK [http://localhost/]


Processing PagesController#home (for 127.0.0.1 at 2010-08-12 16:33:38) [GET]
Rendering template within layouts/application
Rendering pages/home
Rendered layouts/_stylesheets (0.5ms)
Rendered layouts/_header (0.4ms)
Rendered layouts/_footer (0.2ms)
Completed in 4ms (View: 3, DB: 0) | 200 OK [http://localhost/]


Processing PagesController#home (for 127.0.0.1 at 2010-08-12 16:33:48) [GET]
Rendering template within layouts/application
Rendering pages/home
Rendered layouts/_stylesheets (0.6ms)
Rendered layouts/_header (0.4ms)
Rendered layouts/_footer (0.2ms)
Completed in 4ms (View: 3, DB: 0) | 200 OK [http://localhost/]


Processing PagesController#help (for 127.0.0.1 at 2010-08-12 16:33:50) [GET]
Rendering template within layouts/application
Rendering pages/help
Rendered layouts/_stylesheets (0.5ms)
Rendered layouts/_header (0.5ms)
Rendered layouts/_footer (0.2ms)
Completed in 4ms (View: 3, DB: 0) | 200 OK [http://localhost/help]


Processing PagesController#about (for 127.0.0.1 at 2010-08-12 16:33:54) [GET]
Rendering template within layouts/application
Rendering pages/about
Rendered layouts/_stylesheets (0.6ms)
Rendered layouts/_header (0.4ms)
Rendered layouts/_footer (0.5ms)
Completed in 4ms (View: 3, DB: 0) | 200 OK [http://localhost/about]


Processing PagesController#home (for 127.0.0.1 at 2010-08-12 16:33:57) [GET]
Rendering template within layouts/application
Rendering pages/home
Rendered layouts/_stylesheets (0.5ms)
Rendered layouts/_header (0.4ms)
Rendered layouts/_footer (0.2ms)
Completed in 4ms (View: 3, DB: 0) | 200 OK [http://localhost/]


Processing PagesController#home (for 127.0.0.1 at 2010-08-12 16:39:24) [GET]
Rendering template within layouts/application
Rendering pages/home
Rendered layouts/_stylesheets (0.5ms)
Rendered layouts/_header (0.4ms)
Rendered layouts/_footer (0.2ms)
Completed in 4ms (View: 3, DB: 0) | 200 OK [http://localhost/]


Processing PagesController#home (for 127.0.0.1 at 2010-08-12 16:39:57) [GET]
Rendering template within layouts/application
Rendering pages/home
Rendered layouts/_stylesheets (0.5ms)
Rendered layouts/_header (0.4ms)
Rendered layouts/_footer (0.2ms)
Completed in 8ms (View: 7, DB: 0) | 200 OK [http://localhost/]


Processing PagesController#home (for 127.0.0.1 at 2010-08-12 16:39:59) [GET]
Rendering template within layouts/application
Rendering pages/home
Rendered layouts/_stylesheets (0.5ms)
Rendered layouts/_header (0.4ms)
Rendered layouts/_footer (0.2ms)
Completed in 4ms (View: 3, DB: 0) | 200 OK [http://localhost/]


Processing ApplicationController#index (for 127.0.0.1 at 2010-08-12 16:42:54) [GET]

ActionController::RoutingError (No route matches "/users/new" with {:method=>:get}):
  

Rendering rescues/layout (not_found)


Processing UsersController#new (for 127.0.0.1 at 2010-08-12 16:43:15) [GET]
Rendering template within layouts/application
Rendering users/new
Rendered layouts/_stylesheets (1.0ms)
Rendered layouts/_header (10.7ms)
Rendered layouts/_footer (47.3ms)
Completed in 83ms (View: 81, DB: 0) | 200 OK [http://localhost/users/new]


Processing UsersController#new (for 127.0.0.1 at 2010-08-12 16:53:43) [GET]
Rendering template within layouts/application
Rendering users/new
Rendered layouts/_stylesheets (0.5ms)
Rendered layouts/_header (1.0ms)
Rendered layouts/_footer (0.2ms)
Completed in 8ms (View: 7, DB: 0) | 200 OK [http://localhost/users/new]


Processing PagesController#home (for 127.0.0.1 at 2010-08-12 16:53:46) [GET]
Rendering template within layouts/application
Rendering pages/home
Rendered layouts/_stylesheets (0.5ms)
Rendered layouts/_header (0.4ms)
Rendered layouts/_footer (0.2ms)
Completed in 11ms (View: 9, DB: 0) | 200 OK [http://localhost/]


Processing ApplicationController#index (for 127.0.0.1 at 2010-08-12 16:53:48) [GET]

ActionController::RoutingError (No route matches "/signup_path" with {:method=>:get}):
  

Rendering rescues/layout (not_found)


Processing PagesController#home (for 127.0.0.1 at 2010-08-12 16:54:02) [GET]
Rendering template within layouts/application
Rendering pages/home
Rendered layouts/_stylesheets (1.0ms)
Rendered layouts/_header (1.1ms)
Rendered layouts/_footer (0.7ms)
Completed in 39ms (View: 37, DB: 0) | 200 OK [http://localhost/]


Processing ApplicationController#index (for 127.0.0.1 at 2010-08-12 16:54:05) [GET]

ActionController::RoutingError (No route matches "/signup_path" with {:method=>:get}):
  

Rendering rescues/layout (not_found)


Processing ApplicationController#index (for 127.0.0.1 at 2010-08-12 16:54:49) [GET]

ActionController::RoutingError (No route matches "/signup_path" with {:method=>:get}):
  

Rendering rescues/layout (not_found)


Processing ApplicationController#index (for 127.0.0.1 at 2010-08-12 16:55:25) [GET]

ActionController::RoutingError (No route matches "/signup_path" with {:method=>:get}):
  

Rendering rescues/layout (not_found)


Processing PagesController#home (for 127.0.0.1 at 2010-08-12 16:57:22) [GET]
Rendering template within layouts/application
Rendering pages/home
Rendered layouts/_stylesheets (1.0ms)
Rendered layouts/_header (1.0ms)
Rendered layouts/_footer (0.7ms)
Completed in 82ms (View: 81, DB: 0) | 200 OK [http://localhost/]


Processing ApplicationController#index (for 127.0.0.1 at 2010-08-12 16:57:23) [GET]

ActionController::RoutingError (No route matches "/signup_path" with {:method=>:get}):
  

Rendering rescues/layout (not_found)


Processing ApplicationController#index (for 127.0.0.1 at 2010-08-12 16:57:39) [GET]

ActionController::RoutingError (No route matches "/signup_path" with {:method=>:get}):
  

Rendering rescues/layout (not_found)


Processing PagesController#home (for 127.0.0.1 at 2010-08-12 16:57:44) [GET]
Rendering template within layouts/application
Rendering pages/home
Rendered layouts/_stylesheets (0.5ms)
Rendered layouts/_header (0.4ms)
Rendered layouts/_footer (0.2ms)
Completed in 4ms (View: 3, DB: 0) | 200 OK [http://localhost/]


Processing PagesController#home (for 127.0.0.1 at 2010-08-12 16:57:45) [GET]
Rendering template within layouts/application
Rendering pages/home
Rendered layouts/_stylesheets (0.6ms)
Rendered layouts/_header (0.4ms)
Rendered layouts/_footer (0.2ms)
Completed in 4ms (View: 3, DB: 0) | 200 OK [http://localhost/]


Processing PagesController#help (for 127.0.0.1 at 2010-08-12 16:57:46) [GET]
Rendering template within layouts/application
Rendering pages/help
Rendered layouts/_stylesheets (0.5ms)
Rendered layouts/_header (0.4ms)
Rendered layouts/_footer (0.2ms)
Completed in 9ms (View: 7, DB: 0) | 200 OK [http://localhost/help]


Processing PagesController#home (for 127.0.0.1 at 2010-08-12 16:58:54) [GET]
Rendering template within layouts/application
Rendering pages/home
Rendered layouts/_stylesheets (0.5ms)
Rendered layouts/_header (0.5ms)
Rendered layouts/_footer (0.2ms)
Completed in 4ms (View: 3, DB: 0) | 200 OK [http://localhost/]


Processing ApplicationController#index (for 127.0.0.1 at 2010-08-12 16:58:58) [GET]

ActionController::RoutingError (No route matches "/signup_path" with {:method=>:get}):
  

Rendering rescues/layout (not_found)


Processing ApplicationController#index (for 127.0.0.1 at 2010-08-12 16:59:20) [GET]

ActionController::RoutingError (No route matches "/signup_path" with {:method=>:get}):
  

Rendering rescues/layout (not_found)


Processing ApplicationController#index (for 127.0.0.1 at 2010-08-12 16:59:58) [GET]

ActionController::RoutingError (No route matches "/signup_path" with {:method=>:get}):
  

Rendering rescues/layout (not_found)


Processing PagesController#home (for 127.0.0.1 at 2010-08-12 17:00:28) [GET]
Rendering template within layouts/application
Rendering pages/home
Rendered layouts/_stylesheets (1.1ms)
Rendered layouts/_header (1.1ms)
Rendered layouts/_footer (0.7ms)
Completed in 38ms (View: 37, DB: 0) | 200 OK [http://localhost/]


Processing UsersController#new (for 127.0.0.1 at 2010-08-12 17:00:30) [GET]
Rendering template within layouts/application
Rendering users/new
Rendered layouts/_stylesheets (0.5ms)
Rendered layouts/_header (0.5ms)
Rendered layouts/_footer (0.2ms)
Completed in 10ms (View: 9, DB: 0) | 200 OK [http://localhost/signup]
